objc[49345]: Class JavaLaunchHelper is implemented in both /Library/Java/JavaVirtualMachines/jdk1.8.0_144.jdk/Contents/Home/bin/java (0x10b4154c0) and /Library/Java/JavaVirtualMachines/jdk1.8.0_144.jdk/Contents/Home/jre/lib/libinstrument.dylib (0x10b48b4e0). One of the two will be used. Which one is undefined.
------> comparing to p0
PropName,      tautology,      equiv#,      loose#,      tight#,      incomparable#
props/Body/Infusion_Prop8_body,      2,      1,      0,      3,      10
tightProps are:[p25, p26, p27]
equivProps are:[p16]
inComparable Props are:[p13, p14, p15, p17, p18, p19, p20, p22, p23, p28]
------> comparing to p1
PropName,      tautology,      equiv#,      loose#,      tight#,      incomparable#
props/Body/Infusion_Prop8_body,      2,      0,      4,      0,      10
tightProps are:[]
equivProps are:[]
inComparable Props are:[p16, p18, p19, p20, p22, p23, p25, p26, p27, p28]
------> comparing to p2
PropName,      tautology,      equiv#,      loose#,      tight#,      incomparable#
props/Body/Infusion_Prop8_body,      2,      0,      0,      0,      14
tightProps are:[]
equivProps are:[]
inComparable Props are:[p13, p14, p15, p16, p17, p18, p19, p20, p22, p23, p25, p26, p27, p28]
------> comparing to p3
PropName,      tautology,      equiv#,      loose#,      tight#,      incomparable#
props/Body/Infusion_Prop8_body,      2,      0,      0,      0,      14
tightProps are:[]
equivProps are:[]
inComparable Props are:[p13, p14, p15, p16, p17, p18, p19, p20, p22, p23, p25, p26, p27, p28]
------> comparing to p4
PropName,      tautology,      equiv#,      loose#,      tight#,      incomparable#
props/Body/Infusion_Prop8_body,      2,      0,      0,      1,      13
tightProps are:[p28]
equivProps are:[]
inComparable Props are:[p13, p14, p15, p16, p17, p18, p19, p20, p22, p23, p25, p26, p27]
------> comparing to p5
PropName,      tautology,      equiv#,      loose#,      tight#,      incomparable#
props/Body/Infusion_Prop8_body,      2,      0,      0,      0,      14
tightProps are:[]
equivProps are:[]
inComparable Props are:[p13, p14, p15, p16, p17, p18, p19, p20, p22, p23, p25, p26, p27, p28]
------> comparing to p6
PropName,      tautology,      equiv#,      loose#,      tight#,      incomparable#
props/Body/Infusion_Prop8_body,      2,      0,      5,      0,      9
tightProps are:[]
equivProps are:[]
inComparable Props are:[p13, p14, p15, p16, p17, p25, p26, p27, p28]
------> comparing to p7
PropName,      tautology,      equiv#,      loose#,      tight#,      incomparable#
props/Body/Infusion_Prop8_body,      2,      0,      0,      0,      14
tightProps are:[]
equivProps are:[]
inComparable Props are:[p13, p14, p15, p16, p17, p18, p19, p20, p22, p23, p25, p26, p27, p28]
------> comparing to p8
PropName,      tautology,      equiv#,      loose#,      tight#,      incomparable#
props/Body/Infusion_Prop8_body,      2,      0,      0,      0,      14
tightProps are:[]
equivProps are:[]
inComparable Props are:[p13, p14, p15, p16, p17, p18, p19, p20, p22, p23, p25, p26, p27, p28]
------> comparing to p9
PropName,      tautology,      equiv#,      loose#,      tight#,      incomparable#
props/Body/Infusion_Prop8_body,      2,      0,      0,      0,      14
tightProps are:[]
equivProps are:[]
inComparable Props are:[p13, p14, p15, p16, p17, p18, p19, p20, p22, p23, p25, p26, p27, p28]
------> comparing to p10
PropName,      tautology,      equiv#,      loose#,      tight#,      incomparable#
props/Body/Infusion_Prop8_body,      2,      0,      0,      0,      14
tightProps are:[]
equivProps are:[]
inComparable Props are:[p13, p14, p15, p16, p17, p18, p19, p20, p22, p23, p25, p26, p27, p28]
------> comparing to p11
PropName,      tautology,      equiv#,      loose#,      tight#,      incomparable#
props/Body/Infusion_Prop8_body,      2,      0,      0,      0,      14
tightProps are:[]
equivProps are:[]
inComparable Props are:[p13, p14, p15, p16, p17, p18, p19, p20, p22, p23, p25, p26, p27, p28]
------> comparing to p12
PropName,      tautology,      equiv#,      loose#,      tight#,      incomparable#
props/Body/Infusion_Prop8_body,      2,      4,      0,      3,      7
tightProps are:[p26, p27, p28]
equivProps are:[p13, p14, p15, p17]
inComparable Props are:[p16, p18, p19, p20, p22, p23, p25]
