objc[49421]: Class JavaLaunchHelper is implemented in both /Library/Java/JavaVirtualMachines/jdk1.8.0_144.jdk/Contents/Home/bin/java (0x1091084c0) and /Library/Java/JavaVirtualMachines/jdk1.8.0_144.jdk/Contents/Home/jre/lib/libinstrument.dylib (0x10917e4e0). One of the two will be used. Which one is undefined.
------> comparing to p0
PropName,      tautology,      equiv#,      loose#,      tight#,      incomparable#
props/Body/Infusion_Prop3_body,      8,      0,      0,      0,      36
tightProps are:[]
equivProps are:[]
inComparable Props are:[p13, p14, p15, p16, p18, p20, p21, p22, p23, p24, p25, p26, p27, p28, p29, p30, p31, p32, p33, p34, p35, p36, p37, p38, p39, p40, p41, p42, p46, p47, p48, p49, p50, p54, p55, p56]
------> comparing to p1
PropName,      tautology,      equiv#,      loose#,      tight#,      incomparable#
props/Body/Infusion_Prop3_body,      8,      0,      0,      0,      36
tightProps are:[]
equivProps are:[]
inComparable Props are:[p13, p14, p15, p16, p18, p20, p21, p22, p23, p24, p25, p26, p27, p28, p29, p30, p31, p32, p33, p34, p35, p36, p37, p38, p39, p40, p41, p42, p46, p47, p48, p49, p50, p54, p55, p56]
------> comparing to p2
PropName,      tautology,      equiv#,      loose#,      tight#,      incomparable#
props/Body/Infusion_Prop3_body,      8,      8,      27,      0,      1
tightProps are:[]
equivProps are:[p46, p47, p48, p49, p50, p54, p55, p56]
inComparable Props are:[p21]
------> comparing to p3
PropName,      tautology,      equiv#,      loose#,      tight#,      incomparable#
props/Body/Infusion_Prop3_body,      8,      0,      0,      0,      36
tightProps are:[]
equivProps are:[]
inComparable Props are:[p13, p14, p15, p16, p18, p20, p21, p22, p23, p24, p25, p26, p27, p28, p29, p30, p31, p32, p33, p34, p35, p36, p37, p38, p39, p40, p41, p42, p46, p47, p48, p49, p50, p54, p55, p56]
------> comparing to p4
PropName,      tautology,      equiv#,      loose#,      tight#,      incomparable#
props/Body/Infusion_Prop3_body,      8,      0,      0,      0,      36
tightProps are:[]
equivProps are:[]
inComparable Props are:[p13, p14, p15, p16, p18, p20, p21, p22, p23, p24, p25, p26, p27, p28, p29, p30, p31, p32, p33, p34, p35, p36, p37, p38, p39, p40, p41, p42, p46, p47, p48, p49, p50, p54, p55, p56]
------> comparing to p5
PropName,      tautology,      equiv#,      loose#,      tight#,      incomparable#
props/Body/Infusion_Prop3_body,      8,      0,      0,      0,      36
tightProps are:[]
equivProps are:[]
inComparable Props are:[p13, p14, p15, p16, p18, p20, p21, p22, p23, p24, p25, p26, p27, p28, p29, p30, p31, p32, p33, p34, p35, p36, p37, p38, p39, p40, p41, p42, p46, p47, p48, p49, p50, p54, p55, p56]
------> comparing to p6
PropName,      tautology,      equiv#,      loose#,      tight#,      incomparable#
props/Body/Infusion_Prop3_body,      8,      0,      0,      0,      36
tightProps are:[]
equivProps are:[]
inComparable Props are:[p13, p14, p15, p16, p18, p20, p21, p22, p23, p24, p25, p26, p27, p28, p29, p30, p31, p32, p33, p34, p35, p36, p37, p38, p39, p40, p41, p42, p46, p47, p48, p49, p50, p54, p55, p56]
------> comparing to p7
PropName,      tautology,      equiv#,      loose#,      tight#,      incomparable#
props/Body/Infusion_Prop3_body,      8,      0,      0,      0,      36
tightProps are:[]
equivProps are:[]
inComparable Props are:[p13, p14, p15, p16, p18, p20, p21, p22, p23, p24, p25, p26, p27, p28, p29, p30, p31, p32, p33, p34, p35, p36, p37, p38, p39, p40, p41, p42, p46, p47, p48, p49, p50, p54, p55, p56]
------> comparing to p8
PropName,      tautology,      equiv#,      loose#,      tight#,      incomparable#
props/Body/Infusion_Prop3_body,      8,      0,      0,      0,      36
tightProps are:[]
equivProps are:[]
inComparable Props are:[p13, p14, p15, p16, p18, p20, p21, p22, p23, p24, p25, p26, p27, p28, p29, p30, p31, p32, p33, p34, p35, p36, p37, p38, p39, p40, p41, p42, p46, p47, p48, p49, p50, p54, p55, p56]
------> comparing to p9
PropName,      tautology,      equiv#,      loose#,      tight#,      incomparable#
props/Body/Infusion_Prop3_body,      8,      0,      0,      0,      36
tightProps are:[]
equivProps are:[]
inComparable Props are:[p13, p14, p15, p16, p18, p20, p21, p22, p23, p24, p25, p26, p27, p28, p29, p30, p31, p32, p33, p34, p35, p36, p37, p38, p39, p40, p41, p42, p46, p47, p48, p49, p50, p54, p55, p56]
------> comparing to p10
PropName,      tautology,      equiv#,      loose#,      tight#,      incomparable#
props/Body/Infusion_Prop3_body,      8,      0,      0,      0,      36
tightProps are:[]
equivProps are:[]
inComparable Props are:[p13, p14, p15, p16, p18, p20, p21, p22, p23, p24, p25, p26, p27, p28, p29, p30, p31, p32, p33, p34, p35, p36, p37, p38, p39, p40, p41, p42, p46, p47, p48, p49, p50, p54, p55, p56]
------> comparing to p11
PropName,      tautology,      equiv#,      loose#,      tight#,      incomparable#
props/Body/Infusion_Prop3_body,      8,      0,      0,      0,      36
tightProps are:[]
equivProps are:[]
inComparable Props are:[p13, p14, p15, p16, p18, p20, p21, p22, p23, p24, p25, p26, p27, p28, p29, p30, p31, p32, p33, p34, p35, p36, p37, p38, p39, p40, p41, p42, p46, p47, p48, p49, p50, p54, p55, p56]
------> comparing to p12
PropName,      tautology,      equiv#,      loose#,      tight#,      incomparable#
props/Body/Infusion_Prop3_body,      8,      27,      0,      9,      0
tightProps are:[p21, p46, p47, p48, p49, p50, p54, p55, p56]
equivProps are:[p13, p14, p15, p16, p18, p20, p22, p23, p24, p25, p26, p27, p28, p29, p30, p31, p32, p33, p34, p35, p36, p37, p38, p39, p40, p41, p42]
inComparable Props are:[]
