objc[49299]: Class JavaLaunchHelper is implemented in both /Library/Java/JavaVirtualMachines/jdk1.8.0_144.jdk/Contents/Home/bin/java (0x100d544c0) and /Library/Java/JavaVirtualMachines/jdk1.8.0_144.jdk/Contents/Home/jre/lib/libinstrument.dylib (0x100dca4e0). One of the two will be used. Which one is undefined.
------> comparing to p0
PropName,      tautology,      equiv#,      loose#,      tight#,      incomparable#
props/Body/Infusion_Prop2_body,      0,      0,      0,      7,      5
tightProps are:[p13, p14, p17, p18, p19, p20, p21]
equivProps are:[]
inComparable Props are:[p15, p16, p22, p23, p24]
------> comparing to p1
PropName,      tautology,      equiv#,      loose#,      tight#,      incomparable#
props/Body/Infusion_Prop2_body,      0,      3,      0,      0,      9
tightProps are:[]
equivProps are:[p22, p23, p24]
inComparable Props are:[p13, p14, p15, p16, p17, p18, p19, p20, p21]
------> comparing to p2
PropName,      tautology,      equiv#,      loose#,      tight#,      incomparable#
props/Body/Infusion_Prop2_body,      0,      0,      0,      0,      12
tightProps are:[]
equivProps are:[]
inComparable Props are:[p13, p14, p15, p16, p17, p18, p19, p20, p21, p22, p23, p24]
------> comparing to p3
PropName,      tautology,      equiv#,      loose#,      tight#,      incomparable#
props/Body/Infusion_Prop2_body,      0,      0,      0,      0,      12
tightProps are:[]
equivProps are:[]
inComparable Props are:[p13, p14, p15, p16, p17, p18, p19, p20, p21, p22, p23, p24]
------> comparing to p4
PropName,      tautology,      equiv#,      loose#,      tight#,      incomparable#
props/Body/Infusion_Prop2_body,      0,      0,      0,      0,      12
tightProps are:[]
equivProps are:[]
inComparable Props are:[p13, p14, p15, p16, p17, p18, p19, p20, p21, p22, p23, p24]
------> comparing to p5
PropName,      tautology,      equiv#,      loose#,      tight#,      incomparable#
props/Body/Infusion_Prop2_body,      0,      0,      0,      0,      12
tightProps are:[]
equivProps are:[]
inComparable Props are:[p13, p14, p15, p16, p17, p18, p19, p20, p21, p22, p23, p24]
------> comparing to p6
PropName,      tautology,      equiv#,      loose#,      tight#,      incomparable#
props/Body/Infusion_Prop2_body,      0,      0,      0,      0,      12
tightProps are:[]
equivProps are:[]
inComparable Props are:[p13, p14, p15, p16, p17, p18, p19, p20, p21, p22, p23, p24]
------> comparing to p7
PropName,      tautology,      equiv#,      loose#,      tight#,      incomparable#
props/Body/Infusion_Prop2_body,      0,      0,      0,      0,      12
tightProps are:[]
equivProps are:[]
inComparable Props are:[p13, p14, p15, p16, p17, p18, p19, p20, p21, p22, p23, p24]
------> comparing to p8
PropName,      tautology,      equiv#,      loose#,      tight#,      incomparable#
props/Body/Infusion_Prop2_body,      0,      0,      0,      0,      12
tightProps are:[]
equivProps are:[]
inComparable Props are:[p13, p14, p15, p16, p17, p18, p19, p20, p21, p22, p23, p24]
------> comparing to p9
PropName,      tautology,      equiv#,      loose#,      tight#,      incomparable#
props/Body/Infusion_Prop2_body,      0,      0,      0,      0,      12
tightProps are:[]
equivProps are:[]
inComparable Props are:[p13, p14, p15, p16, p17, p18, p19, p20, p21, p22, p23, p24]
------> comparing to p10
PropName,      tautology,      equiv#,      loose#,      tight#,      incomparable#
props/Body/Infusion_Prop2_body,      0,      0,      0,      0,      12
tightProps are:[]
equivProps are:[]
inComparable Props are:[p13, p14, p15, p16, p17, p18, p19, p20, p21, p22, p23, p24]
------> comparing to p11
PropName,      tautology,      equiv#,      loose#,      tight#,      incomparable#
props/Body/Infusion_Prop2_body,      0,      0,      0,      0,      12
tightProps are:[]
equivProps are:[]
inComparable Props are:[p13, p14, p15, p16, p17, p18, p19, p20, p21, p22, p23, p24]
------> comparing to p12
PropName,      tautology,      equiv#,      loose#,      tight#,      incomparable#
props/Body/Infusion_Prop2_body,      0,      7,      0,      0,      5
tightProps are:[]
equivProps are:[p13, p14, p17, p18, p19, p20, p21]
inComparable Props are:[p15, p16, p22, p23, p24]
