objc[49367]: Class JavaLaunchHelper is implemented in both /Library/Java/JavaVirtualMachines/jdk1.8.0_144.jdk/Contents/Home/bin/java (0x109f224c0) and /Library/Java/JavaVirtualMachines/jdk1.8.0_144.jdk/Contents/Home/jre/lib/libinstrument.dylib (0x109f984e0). One of the two will be used. Which one is undefined.
------> comparing to p0
PropName,      tautology,      equiv#,      loose#,      tight#,      incomparable#
props/Body/Infusion_Prop11_body,      0,      1,      0,      7,      37
tightProps are:[p21, p44, p45, p46, p52, p53, p54]
equivProps are:[p13]
inComparable Props are:[p14, p15, p16, p17, p18, p19, p20, p22, p23, p24, p25, p26, p27, p28, p29, p30, p31, p32, p33, p34, p35, p36, p37, p38, p39, p40, p41, p42, p43, p47, p48, p49, p50, p51, p55, p56, p57]
------> comparing to p1
PropName,      tautology,      equiv#,      loose#,      tight#,      incomparable#
props/Body/Infusion_Prop11_body,      0,      0,      8,      0,      37
tightProps are:[]
equivProps are:[]
inComparable Props are:[p13, p14, p15, p16, p17, p18, p19, p20, p21, p22, p23, p25, p26, p28, p31, p32, p34, p35, p39, p40, p41, p42, p43, p44, p45, p46, p47, p48, p49, p50, p51, p52, p53, p54, p55, p56, p57]
------> comparing to p2
PropName,      tautology,      equiv#,      loose#,      tight#,      incomparable#
props/Body/Infusion_Prop11_body,      0,      0,      0,      0,      45
tightProps are:[]
equivProps are:[]
inComparable Props are:[p13, p14, p15, p16, p17, p18, p19, p20, p21, p22, p23, p24, p25, p26, p27, p28, p29, p30, p31, p32, p33, p34, p35, p36, p37, p38, p39, p40, p41, p42, p43, p44, p45, p46, p47, p48, p49, p50, p51, p52, p53, p54, p55, p56, p57]
------> comparing to p3
PropName,      tautology,      equiv#,      loose#,      tight#,      incomparable#
props/Body/Infusion_Prop11_body,      0,      0,      0,      0,      45
tightProps are:[]
equivProps are:[]
inComparable Props are:[p13, p14, p15, p16, p17, p18, p19, p20, p21, p22, p23, p24, p25, p26, p27, p28, p29, p30, p31, p32, p33, p34, p35, p36, p37, p38, p39, p40, p41, p42, p43, p44, p45, p46, p47, p48, p49, p50, p51, p52, p53, p54, p55, p56, p57]
------> comparing to p4
PropName,      tautology,      equiv#,      loose#,      tight#,      incomparable#
props/Body/Infusion_Prop11_body,      0,      0,      0,      0,      45
tightProps are:[]
equivProps are:[]
inComparable Props are:[p13, p14, p15, p16, p17, p18, p19, p20, p21, p22, p23, p24, p25, p26, p27, p28, p29, p30, p31, p32, p33, p34, p35, p36, p37, p38, p39, p40, p41, p42, p43, p44, p45, p46, p47, p48, p49, p50, p51, p52, p53, p54, p55, p56, p57]
------> comparing to p5
PropName,      tautology,      equiv#,      loose#,      tight#,      incomparable#
props/Body/Infusion_Prop11_body,      0,      0,      11,      0,      34
tightProps are:[]
equivProps are:[]
inComparable Props are:[p13, p18, p19, p20, p21, p22, p24, p26, p27, p29, p30, p33, p34, p36, p37, p39, p40, p41, p42, p43, p44, p45, p46, p47, p48, p49, p50, p51, p52, p53, p54, p55, p56, p57]
------> comparing to p6
PropName,      tautology,      equiv#,      loose#,      tight#,      incomparable#
props/Body/Infusion_Prop11_body,      0,      0,      0,      0,      45
tightProps are:[]
equivProps are:[]
inComparable Props are:[p13, p14, p15, p16, p17, p18, p19, p20, p21, p22, p23, p24, p25, p26, p27, p28, p29, p30, p31, p32, p33, p34, p35, p36, p37, p38, p39, p40, p41, p42, p43, p44, p45, p46, p47, p48, p49, p50, p51, p52, p53, p54, p55, p56, p57]
------> comparing to p7
PropName,      tautology,      equiv#,      loose#,      tight#,      incomparable#
props/Body/Infusion_Prop11_body,      0,      0,      0,      0,      45
tightProps are:[]
equivProps are:[]
inComparable Props are:[p13, p14, p15, p16, p17, p18, p19, p20, p21, p22, p23, p24, p25, p26, p27, p28, p29, p30, p31, p32, p33, p34, p35, p36, p37, p38, p39, p40, p41, p42, p43, p44, p45, p46, p47, p48, p49, p50, p51, p52, p53, p54, p55, p56, p57]
------> comparing to p8
PropName,      tautology,      equiv#,      loose#,      tight#,      incomparable#
props/Body/Infusion_Prop11_body,      0,      0,      0,      0,      45
tightProps are:[]
equivProps are:[]
inComparable Props are:[p13, p14, p15, p16, p17, p18, p19, p20, p21, p22, p23, p24, p25, p26, p27, p28, p29, p30, p31, p32, p33, p34, p35, p36, p37, p38, p39, p40, p41, p42, p43, p44, p45, p46, p47, p48, p49, p50, p51, p52, p53, p54, p55, p56, p57]
------> comparing to p9
PropName,      tautology,      equiv#,      loose#,      tight#,      incomparable#
props/Body/Infusion_Prop11_body,      0,      5,      7,      0,      33
tightProps are:[]
equivProps are:[p49, p50, p55, p56, p57]
inComparable Props are:[p13, p14, p15, p16, p17, p21, p22, p23, p24, p25, p27, p28, p29, p30, p31, p32, p33, p34, p35, p36, p37, p38, p41, p42, p44, p45, p46, p47, p48, p51, p52, p53, p54]
------> comparing to p10
PropName,      tautology,      equiv#,      loose#,      tight#,      incomparable#
props/Body/Infusion_Prop11_body,      0,      0,      0,      0,      45
tightProps are:[]
equivProps are:[]
inComparable Props are:[p13, p14, p15, p16, p17, p18, p19, p20, p21, p22, p23, p24, p25, p26, p27, p28, p29, p30, p31, p32, p33, p34, p35, p36, p37, p38, p39, p40, p41, p42, p43, p44, p45, p46, p47, p48, p49, p50, p51, p52, p53, p54, p55, p56, p57]
------> comparing to p11
PropName,      tautology,      equiv#,      loose#,      tight#,      incomparable#
props/Body/Infusion_Prop11_body,      0,      0,      11,      0,      34
tightProps are:[]
equivProps are:[]
inComparable Props are:[p13, p18, p19, p20, p21, p22, p24, p26, p27, p29, p30, p33, p34, p36, p37, p39, p40, p41, p42, p43, p44, p45, p46, p47, p48, p49, p50, p51, p52, p53, p54, p55, p56, p57]
------> comparing to p12
PropName,      tautology,      equiv#,      loose#,      tight#,      incomparable#
props/Body/Infusion_Prop11_body,      0,      10,      0,      7,      28
tightProps are:[p21, p44, p45, p46, p52, p53, p54]
equivProps are:[p14, p15, p16, p17, p23, p25, p28, p31, p32, p35]
inComparable Props are:[p13, p18, p19, p20, p22, p24, p26, p27, p29, p30, p33, p34, p36, p37, p38, p39, p40, p41, p42, p43, p47, p48, p49, p50, p51, p55, p56, p57]
