running existsFileName = /media/soha/DATA/MultiMutationExpr/1Mutation/ranger-discovery/src/DiscoveryExamples/GPCA_Alarm/Prop2/output/Faulty_GPCA_Prop2-ROR-1-1/minimal/Faulty_GPCA_Prop2-ROR-1-1_exists.lus
Query Result = Unknown
running existsFileName = /media/soha/DATA/MultiMutationExpr/1Mutation/ranger-discovery/src/DiscoveryExamples/GPCA_Alarm/Prop2/output/Faulty_GPCA_Prop2-ROR-2-0/minimal/Faulty_GPCA_Prop2-ROR-2-0_exists.lus
Query Result = Valid
running existsFileName = /media/soha/DATA/MultiMutationExpr/1Mutation/ranger-discovery/src/DiscoveryExamples/GPCA_Alarm/Prop2/output/Faulty_GPCA_Prop2-ROR-1--1/minimal/Faulty_GPCA_Prop2-ROR-1--1_exists.lus
Query Result = Unknown
running existsFileName = /media/soha/DATA/MultiMutationExpr/1Mutation/ranger-discovery/src/DiscoveryExamples/GPCA_Alarm/Prop2/output/Faulty_GPCA_Prop2-ROR-1-2/minimal/Faulty_GPCA_Prop2-ROR-1-2_exists.lus
Query Result = Unknown
running existsFileName = /media/soha/DATA/MultiMutationExpr/1Mutation/ranger-discovery/src/DiscoveryExamples/GPCA_Alarm/Prop2/output/Faulty_GPCA_Prop2-ROR-1--1/minimal/Faulty_GPCA_Prop2-ROR-1--1_exists.lus
Query Result = Unknown
running existsFileName = /media/soha/DATA/MultiMutationExpr/1Mutation/ranger-discovery/src/DiscoveryExamples/GPCA_Alarm/Prop2/output/Faulty_GPCA_Prop2-ROR-2-2/minimal/Faulty_GPCA_Prop2-ROR-2-2_exists.lus
Query Result = Valid
running existsFileName = /media/soha/DATA/MultiMutationExpr/1Mutation/ranger-discovery/src/DiscoveryExamples/GPCA_Alarm/Prop2/output/Faulty_GPCA_Prop2-ROR-1-1/minimal/Faulty_GPCA_Prop2-ROR-1-1_exists.lus
Query Result = Unknown
running existsFileName = /media/soha/DATA/MultiMutationExpr/1Mutation/ranger-discovery/src/DiscoveryExamples/GPCA_Alarm/Prop2/output/Faulty_GPCA_Prop2-ROR-2-0/minimal/Faulty_GPCA_Prop2-ROR-2-0_exists.lus
Query Result = Valid
running existsFileName = /media/soha/DATA/MultiMutationExpr/1Mutation/ranger-discovery/src/DiscoveryExamples/GPCA_Alarm/Prop2/output/Faulty_GPCA_Prop2-ROR-2--1/minimal/Faulty_GPCA_Prop2-ROR-2--1_exists.lus
Query Result = Valid
running existsFileName = /media/soha/DATA/MultiMutationExpr/1Mutation/ranger-discovery/src/DiscoveryExamples/GPCA_Alarm/Prop2/output/Faulty_GPCA_Prop2-ROR-2--1/minimal/Faulty_GPCA_Prop2-ROR-2--1_exists.lus
Query Result = Valid
running existsFileName = /media/soha/DATA/MultiMutationExpr/1Mutation/ranger-discovery/src/DiscoveryExamples/GPCA_Alarm/Prop2/output/Faulty_GPCA_Prop2-ROR-1--1/minimal/Faulty_GPCA_Prop2-ROR-1--1_exists.lus
Query Result = Unknown
running existsFileName = /media/soha/DATA/MultiMutationExpr/1Mutation/ranger-discovery/src/DiscoveryExamples/GPCA_Alarm/Prop2/output/Faulty_GPCA_Prop2-ROR-2-1/minimal/Faulty_GPCA_Prop2-ROR-2-1_exists.lus
Query Result = Valid
running existsFileName = /media/soha/DATA/MultiMutationExpr/1Mutation/ranger-discovery/src/DiscoveryExamples/GPCA_Alarm/Prop2/output/Faulty_GPCA_Prop2-ROR-2-1/minimal/Faulty_GPCA_Prop2-ROR-2-1_exists.lus
Query Result = Valid
running existsFileName = /media/soha/DATA/MultiMutationExpr/1Mutation/ranger-discovery/src/DiscoveryExamples/GPCA_Alarm/Prop2/output/Faulty_GPCA_Prop2-ROR-2-3/minimal/Faulty_GPCA_Prop2-ROR-2-3_exists.lus
Query Result = Valid
No valid taut prop to split on. It might be okay, so check if indeed there are no valid taut prop we could find
