opening file = /media/soha/DATA/MultiMutationExpr/Journal/ranger-discovery/src/DiscoveryExamples//GPCA_Alarm/Prop4/output/Faulty_GPCA_Prop4-LOR-1-0-ROR-1-2/minimal/Faulty_GPCA_Prop4-LOR-1-0-ROR-1-2_exists.lus
running existsFileName = /media/soha/DATA/MultiMutationExpr/Journal/ranger-discovery/src/DiscoveryExamples//GPCA_Alarm/Prop4/output/Faulty_GPCA_Prop4-LOR-1-0-ROR-1-2/minimal/Faulty_GPCA_Prop4-LOR-1-0-ROR-1-2_exists.lus
Query Result = Unknown
opening file = /media/soha/DATA/MultiMutationExpr/Journal/ranger-discovery/src/DiscoveryExamples//GPCA_Alarm/Prop4/output/Faulty_GPCA_Prop4-LOR-1-1-ROR-1-0/minimal/Faulty_GPCA_Prop4-LOR-1-1-ROR-1-0_exists.lus
running existsFileName = /media/soha/DATA/MultiMutationExpr/Journal/ranger-discovery/src/DiscoveryExamples//GPCA_Alarm/Prop4/output/Faulty_GPCA_Prop4-LOR-1-1-ROR-1-0/minimal/Faulty_GPCA_Prop4-LOR-1-1-ROR-1-0_exists.lus
Query Result = Unknown
opening file = /media/soha/DATA/MultiMutationExpr/Journal/ranger-discovery/src/DiscoveryExamples//GPCA_Alarm/Prop4/output/Faulty_GPCA_Prop4-LOR-1--1-ROR-1-0/minimal/Faulty_GPCA_Prop4-LOR-1--1-ROR-1-0_exists.lus
running existsFileName = /media/soha/DATA/MultiMutationExpr/Journal/ranger-discovery/src/DiscoveryExamples//GPCA_Alarm/Prop4/output/Faulty_GPCA_Prop4-LOR-1--1-ROR-1-0/minimal/Faulty_GPCA_Prop4-LOR-1--1-ROR-1-0_exists.lus
Query Result = Unknown
opening file = /media/soha/DATA/MultiMutationExpr/Journal/ranger-discovery/src/DiscoveryExamples//GPCA_Alarm/Prop4/output/Faulty_GPCA_Prop4-LOR-1-1-ROR-1-0/minimal/Faulty_GPCA_Prop4-LOR-1-1-ROR-1-0_exists.lus
running existsFileName = /media/soha/DATA/MultiMutationExpr/Journal/ranger-discovery/src/DiscoveryExamples//GPCA_Alarm/Prop4/output/Faulty_GPCA_Prop4-LOR-1-1-ROR-1-0/minimal/Faulty_GPCA_Prop4-LOR-1-1-ROR-1-0_exists.lus
Query Result = Unknown
opening file = /media/soha/DATA/MultiMutationExpr/Journal/ranger-discovery/src/DiscoveryExamples//GPCA_Alarm/Prop4/output/Faulty_GPCA_Prop4-LOR-1-3-ROR-1-2/minimal/Faulty_GPCA_Prop4-LOR-1-3-ROR-1-2_exists.lus
running existsFileName = /media/soha/DATA/MultiMutationExpr/Journal/ranger-discovery/src/DiscoveryExamples//GPCA_Alarm/Prop4/output/Faulty_GPCA_Prop4-LOR-1-3-ROR-1-2/minimal/Faulty_GPCA_Prop4-LOR-1-3-ROR-1-2_exists.lus
Query Result = Unknown
opening file = /media/soha/DATA/MultiMutationExpr/Journal/ranger-discovery/src/DiscoveryExamples//GPCA_Alarm/Prop4/output/Faulty_GPCA_Prop4-LOR-1-0-ROR-1-2/minimal/Faulty_GPCA_Prop4-LOR-1-0-ROR-1-2_exists.lus
running existsFileName = /media/soha/DATA/MultiMutationExpr/Journal/ranger-discovery/src/DiscoveryExamples//GPCA_Alarm/Prop4/output/Faulty_GPCA_Prop4-LOR-1-0-ROR-1-2/minimal/Faulty_GPCA_Prop4-LOR-1-0-ROR-1-2_exists.lus
Query Result = Unknown
opening file = /media/soha/DATA/MultiMutationExpr/Journal/ranger-discovery/src/DiscoveryExamples//GPCA_Alarm/Prop4/output/Faulty_GPCA_Prop4-LOR-1-0-ROR-1-3/minimal/Faulty_GPCA_Prop4-LOR-1-0-ROR-1-3_exists.lus
running existsFileName = /media/soha/DATA/MultiMutationExpr/Journal/ranger-discovery/src/DiscoveryExamples//GPCA_Alarm/Prop4/output/Faulty_GPCA_Prop4-LOR-1-0-ROR-1-3/minimal/Faulty_GPCA_Prop4-LOR-1-0-ROR-1-3_exists.lus
Query Result = Unknown
